\BOOKMARK [1][-]{section.1}{\376\377\145\160\143\156\230\204\131\004\164\006\136\070\165\050\121\154\137\017}{}% 1
\BOOKMARK [2][-]{subsection.1.1}{\376\377\162\171\137\201\177\051\145\076}{section.1}% 2
\BOOKMARK [3][-]{subsubsection.1.1.1}{\376\377\000S\000t\000a\000n\000d\000a\000r\000d\000S\000c\000a\000l\000e\000r\377\010\150\007\121\306\123\026\377\011}{subsection.1.1}% 3
\BOOKMARK [3][-]{subsubsection.1.1.2}{\376\377\000M\000i\000n\000M\000a\000x\000S\000c\000a\000l\000e\000r\377\010\137\122\116\000\123\026\377\011}{subsection.1.1}% 4
\BOOKMARK [1][-]{section.2}{\376\377\166\370\121\163\140\047\122\006\147\220}{}% 5
\BOOKMARK [2][-]{subsection.2.1}{\376\377\116\011\131\047\116\073\155\101\166\370\121\163\174\373\145\160}{section.2}% 6
\BOOKMARK [3][-]{subsubsection.2.1.1}{\376\377\166\256\134\024\220\012\166\370\121\163\174\373\145\160}{subsection.2.1}% 7
\BOOKMARK [3][-]{subsubsection.2.1.2}{\376\377\145\257\166\256\134\024\146\374\166\370\121\163\174\373\145\160}{subsection.2.1}% 8
\BOOKMARK [3][-]{subsubsection.2.1.3}{\376\377\200\257\137\267\134\024\166\370\121\163\174\373\145\160}{subsection.2.1}% 9
\BOOKMARK [1][-]{section.3}{\376\377\000K\000-\147\000\217\321\220\273\145\160\133\146\152\041\127\213}{}% 10
\BOOKMARK [1][-]{section.4}{\376\377\121\263\173\126\150\021\145\160\133\146\152\041\127\213}{}% 11
\BOOKMARK [2][-]{subsection.4.1}{\376\377\127\372\170\100\121\263\173\126\150\021}{section.4}% 12
\BOOKMARK [2][-]{subsection.4.2}{\376\377\226\217\147\072\150\356\147\227}{section.4}% 13
\BOOKMARK [2][-]{subsection.4.3}{\376\377\000X\000G\000B\000o\000o\000s\000t}{section.4}% 14
\BOOKMARK [2][-]{subsection.4.4}{\376\377\000L\000i\000g\000h\000t\000G\000B\000M}{section.4}% 15
\BOOKMARK [1][-]{section.5}{\376\377\152\041\127\213\213\304\116\367\143\007\150\007}{}% 16
\BOOKMARK [2][-]{subsection.5.1}{\376\377\122\006\174\173\152\041\127\213\213\304\116\367\143\007\150\007}{section.5}% 17
\BOOKMARK [3][-]{subsubsection.5.1.1}{\376\377\000A\000U\000C\120\074\213\241\173\227}{subsection.5.1}% 18
\BOOKMARK [3][-]{subsubsection.5.1.2}{\376\377\000s\000u\000p\000p\000o\000r\000t\000,\000\040\000r\000e\000c\000a\000l\000l\000,\000\040\000f\0001\000-\000s\000c\000o\000r\000e}{subsection.5.1}% 19
\BOOKMARK [2][-]{subsection.5.2}{\376\377\126\336\137\122\152\041\127\213\213\304\116\367\143\007\150\007}{section.5}% 20
\BOOKMARK [3][-]{subsubsection.5.2.1}{\376\377\127\107\145\271\213\357\135\356\000\040\000\050\000M\000S\000E\000\051}{subsection.5.2}% 21
\BOOKMARK [3][-]{subsubsection.5.2.2}{\376\377\136\163\127\107\176\335\133\371\213\357\135\356\000\040\000\050\000M\000A\000E\000\051}{subsection.5.2}% 22
\BOOKMARK [3][-]{subsubsection.5.2.3}{\376\377\000R\145\271\122\006\145\160\000\040\000\050\000R\000-\000s\000q\000u\000a\000r\000e\000d\000\040\000s\000c\000o\000r\000e\000\051}{subsection.5.2}% 23
\BOOKMARK [2][-]{subsection.5.3}{\376\377\200\132\174\173\122\006\147\220\213\304\116\367\143\007\150\007}{section.5}% 24
\BOOKMARK [3][-]{subsubsection.5.3.1}{\376\377\000C\000H\122\006\145\160\377\010\000C\000a\000l\000i\000n\000s\000k\000i\000\040\000a\000n\000d\000\040\000H\000a\000r\000a\000b\000a\000s\000z\000\040\000s\000c\000o\000r\000e\377\011}{subsection.5.3}% 25
\BOOKMARK [3][-]{subsubsection.5.3.2}{\376\377\217\156\136\323\174\373\145\160\377\010\000S\000i\000l\000h\000o\000u\000e\000t\000t\000e\000\040\000S\000c\000o\000r\000e\377\011}{subsection.5.3}% 26
